Determining if the pthread_create exist failed with the following output:
Change Dir: /home/erian/Documents/dataset/udacity/udacity-drive/udacity_bag_node/build/CMakeFiles/CMakeTmp

Run Build Command:"/usr/bin/make" "cmTC_6e255/fast"
/usr/bin/make -f CMakeFiles/cmTC_6e255.dir/build.make CMakeFiles/cmTC_6e255.dir/build
make[1]: Entering directory '/home/erian/Documents/dataset/udacity/udacity-drive/udacity_bag_node/build/CMakeFiles/CMakeTmp'
Building C object CMakeFiles/cmTC_6e255.dir/CheckSymbolExists.c.o
/usr/bin/cc    -o CMakeFiles/cmTC_6e255.dir/CheckSymbolExists.c.o   -c /home/erian/Documents/dataset/udacity/udacity-drive/udacity_bag_node/build/CMakeFiles/CMakeTmp/CheckSymbolExists.c
Linking C executable cmTC_6e255
/usr/local/bin/cmake -E cmake_link_script CMakeFiles/cmTC_6e255.dir/link.txt --verbose=1
/usr/bin/cc      -rdynamic CMakeFiles/cmTC_6e255.dir/CheckSymbolExists.c.o  -o cmTC_6e255 
CMakeFiles/cmTC_6e255.dir/CheckSymbolExists.c.o: In function `main':
CheckSymbolExists.c:(.text+0x16): undefined reference to `pthread_create'
collect2: error: ld returned 1 exit status
CMakeFiles/cmTC_6e255.dir/build.make:97: recipe for target 'cmTC_6e255' failed
make[1]: *** [cmTC_6e255] Error 1
make[1]: Leaving directory '/home/erian/Documents/dataset/udacity/udacity-drive/udacity_bag_node/build/CMakeFiles/CMakeTmp'
Makefile:126: recipe for target 'cmTC_6e255/fast' failed
make: *** [cmTC_6e255/fast] Error 2

File /home/erian/Documents/dataset/udacity/udacity-drive/udacity_bag_node/build/CMakeFiles/CMakeTmp/CheckSymbolExists.c:
/* */
#include <pthread.h>

int main(int argc, char** argv)
{
  (void)argv;
#ifndef pthread_create
  return ((int*)(&pthread_create))[argc];
#else
  (void)argc;
  return 0;
#endif
}

Determining if the function pthread_create exists in the pthreads failed with the following output:
Change Dir: /home/erian/Documents/dataset/udacity/udacity-drive/udacity_bag_node/build/CMakeFiles/CMakeTmp

Run Build Command:"/usr/bin/make" "cmTC_8ccf4/fast"
/usr/bin/make -f CMakeFiles/cmTC_8ccf4.dir/build.make CMakeFiles/cmTC_8ccf4.dir/build
make[1]: Entering directory '/home/erian/Documents/dataset/udacity/udacity-drive/udacity_bag_node/build/CMakeFiles/CMakeTmp'
Building C object CMakeFiles/cmTC_8ccf4.dir/CheckFunctionExists.c.o
/usr/bin/cc   -DCHECK_FUNCTION_EXISTS=pthread_create   -o CMakeFiles/cmTC_8ccf4.dir/CheckFunctionExists.c.o   -c /usr/local/share/cmake-3.10/Modules/CheckFunctionExists.c
Linking C executable cmTC_8ccf4
/usr/local/bin/cmake -E cmake_link_script CMakeFiles/cmTC_8ccf4.dir/link.txt --verbose=1
/usr/bin/cc  -DCHECK_FUNCTION_EXISTS=pthread_create    -rdynamic CMakeFiles/cmTC_8ccf4.dir/CheckFunctionExists.c.o  -o cmTC_8ccf4 -lpthreads 
/usr/bin/ld: cannot find -lpthreads
collect2: error: ld returned 1 exit status
CMakeFiles/cmTC_8ccf4.dir/build.make:97: recipe for target 'cmTC_8ccf4' failed
make[1]: *** [cmTC_8ccf4] Error 1
make[1]: Leaving directory '/home/erian/Documents/dataset/udacity/udacity-drive/udacity_bag_node/build/CMakeFiles/CMakeTmp'
Makefile:126: recipe for target 'cmTC_8ccf4/fast' failed
make: *** [cmTC_8ccf4/fast] Error 2


